<?xml version="1.0" encoding="UTF-8"?>
<!-- Generated by org.testng.reporters.JUnitXMLReporter -->
<testsuite hostname="DESKTOP-QMVA7R8" ignored="0" name="Default test" tests="6" failures="0" timestamp="2020-01-07T11:20:09 IST" time="83.699" errors="0">
  <testcase name="MenuClickTEst" time="12.943" classname="TestPages.HomePageTest"/>
  <testcase name="PIMClickTEst" time="11.752" classname="TestPages.HomePageTest"/>
  <testcase name="LeaveClickTEst" time="19.256" classname="TestPages.HomePageTest"/>
  <testcase name="TimeClickTEst" time="5.384" classname="TestPages.HomePageTest"/>
  <testcase name="RecruitementClickTEst" time="5.613" classname="TestPages.HomePageTest"/>
  <testcase name="PerformanceClickTEst" time="10.732" classname="TestPages.HomePageTest"/>
</testsuite> <!-- Default test -->
